[0901/140158:ERROR:process_info.cc(608)] range at 0x1e12392600000000, size 0xc8 fully unreadable
[0901/140204:ERROR:process_info.cc(608)] range at 0x1e12398800000000, size 0xc8 fully unreadable
[0901/140204:ERROR:process_info.cc(608)] range at 0x0, size 0xc8 fully unreadable
[0901/140204:ERROR:process_reader_win.cc(142)] SuspendThread: Access is denied. (0x5)
[0901/140204:ERROR:process_reader_win.cc(233)] ReadMemory at 0x7ff666cb0000 of 64 bytes failed: Only part of a ReadProcessMemory or WriteProcessMemory request was completed. (0x12B)
[0901/140204:WARNING:pe_image_reader.cc(281)] could not read dos header from C:\Program Files (x86)\Google\Chrome\Application\chrome.exe
[0901/140204:ERROR:process_reader_win.cc(233)] ReadMemory at 0x7ff88ecc0000 of 64 bytes failed: Only part of a ReadProcessMemory or WriteProcessMemory request was completed. (0x12B)
[0901/140204:WARNING:pe_image_reader.cc(281)] could not read dos header from C:\windows\SYSTEM32\ntdll.dll
[0901/140204:ERROR:process_reader_win.cc(233)] ReadMemory at 0x7ff88bec0000 of 64 bytes failed: Only part of a ReadProcessMemory or WriteProcessMemory request was completed. (0x12B)
[0901/140204:WARNING:pe_image_reader.cc(281)] could not read dos header from C:\windows\system32\KERNELBASE.dll
[0901/140204:ERROR:process_reader_win.cc(233)] ReadMemory at 0x7ff88c860000 of 64 bytes failed: Only part of a ReadProcessMemory or WriteProcessMemory request was completed. (0x12B)
[0901/140204:WARNING:pe_image_reader.cc(281)] could not read dos header from C:\windows\system32\KERNEL32.DLL
[0901/140204:ERROR:process_reader_win.cc(233)] ReadMemory at 0x7ff88d080000 of 64 bytes failed: Only part of a ReadProcessMemory or WriteProcessMemory request was completed. (0x12B)
[0901/140204:WARNING:pe_image_reader.cc(281)] could not read dos header from C:\windows\system32\msvcrt.dll
[0901/140204:ERROR:process_reader_win.cc(233)] ReadMemory at 0x7ff88bfe0000 of 64 bytes failed: Only part of a ReadProcessMemory or WriteProcessMemory request was completed. (0x12B)
[0901/140204:WARNING:pe_image_reader.cc(281)] could not read dos header from C:\windows\system32\SspiCli.dll
[0901/140204:ERROR:process_reader_win.cc(233)] ReadMemory at 0x7ff88cad0000 of 64 bytes failed: Only part of a ReadProcessMemory or WriteProcessMemory request was completed. (0x12B)
[0901/140204:WARNING:pe_image_reader.cc(281)] could not read dos header from C:\windows\system32\RPCRT4.dll
[0901/140204:ERROR:process_reader_win.cc(233)] ReadMemory at 0x7ff88c630000 of 64 bytes failed: Only part of a ReadProcessMemory or WriteProcessMemory request was completed. (0x12B)
[0901/140204:WARNING:pe_image_reader.cc(281)] could not read dos header from C:\windows\SYSTEM32\sechost.dll
[0901/140204:ERROR:process_reader_win.cc(233)] ReadMemory at 0x7ff88eaa0000 of 64 bytes failed: Only part of a ReadProcessMemory or WriteProcessMemory request was completed. (0x12B)
[0901/140204:WARNING:pe_image_reader.cc(281)] could not read dos header from C:\windows\system32\ADVAPI32.dll
[0901/140204:ERROR:process_reader_win.cc(233)] ReadMemory at 0x7ff88bbf0000 of 64 bytes failed: Only part of a ReadProcessMemory or WriteProcessMemory request was completed. (0x12B)
[0901/140204:WARNING:pe_image_reader.cc(281)] could not read dos header from C:\windows\SYSTEM32\bcryptPrimitives.dll
[0901/140204:ERROR:process_reader_win.cc(233)] ReadMemory at 0x7ff88bc60000 of 64 bytes failed: Only part of a ReadProcessMemory or WriteProcessMemory request was completed. (0x12B)
[0901/140204:WARNING:pe_image_reader.cc(281)] could not read dos header from C:\windows\SYSTEM32\CRYPTBASE.DLL
[0901/140204:ERROR:process_reader_win.cc(233)] ReadMemory at 0x7ff87e590000 of 64 bytes failed: Only part of a ReadProcessMemory or WriteProcessMemory request was completed. (0x12B)
[0901/140204:WARNING:pe_image_reader.cc(281)] could not read dos header from C:\Program Files (x86)\Google\Chrome\Application\52.0.2743.116\chrome_elf.dll
[0901/140204:ERROR:process_reader_win.cc(233)] ReadMemory at 0x7ff8839c0000 of 64 bytes failed: Only part of a ReadProcessMemory or WriteProcessMemory request was completed. (0x12B)
[0901/140204:WARNING:pe_image_reader.cc(281)] could not read dos header from C:\windows\SYSTEM32\VERSION.dll
[0901/140204:ERROR:process_reader_win.cc(233)] ReadMemory at 0x7ff88c300000 of 64 bytes failed: Only part of a ReadProcessMemory or WriteProcessMemory request was completed. (0x12B)
[0901/140204:WARNING:pe_image_reader.cc(281)] could not read dos header from C:\windows\SYSTEM32\cfgmgr32.dll
[0901/140204:ERROR:process_reader_win.cc(233)] ReadMemory at 0x7ff88ac20000 of 64 bytes failed: Only part of a ReadProcessMemory or WriteProcessMemory request was completed. (0x12B)
[0901/140204:WARNING:pe_image_reader.cc(281)] could not read dos header from C:\windows\SYSTEM32\DEVOBJ.dll
[0901/140204:ERROR:process_reader_win.cc(233)] ReadMemory at 0x7ff884db0000 of 64 bytes failed: Only part of a ReadProcessMemory or WriteProcessMemory request was completed. (0x12B)
[0901/140204:WARNING:pe_image_reader.cc(281)] could not read dos header from C:\windows\SYSTEM32\WINMMBASE.dll
[0901/140204:ERROR:process_reader_win.cc(233)] ReadMemory at 0x7ff88c6b0000 of 64 bytes failed: Only part of a ReadProcessMemory or WriteProcessMemory request was completed. (0x12B)
[0901/140204:WARNING:pe_image_reader.cc(281)] could not read dos header from C:\windows\system32\GDI32.dll
[0901/140204:ERROR:process_reader_win.cc(233)] ReadMemory at 0x7ff88e920000 of 64 bytes failed: Only part of a ReadProcessMemory or WriteProcessMemory request was completed. (0x12B)
[0901/140204:WARNING:pe_image_reader.cc(281)] could not read dos header from C:\windows\system32\USER32.dll
[0901/140204:ERROR:process_reader_win.cc(233)] ReadMemory at 0x7ff88eb60000 of 64 bytes failed: Only part of a ReadProcessMemory or WriteProcessMemory request was completed. (0x12B)
[0901/140204:WARNING:pe_image_reader.cc(281)] could not read dos header from C:\windows\system32\MSCTF.dll
[0901/140204:ERROR:process_reader_win.cc(233)] ReadMemory at 0x7ff88cdc0000 of 64 bytes failed: Only part of a ReadProcessMemory or WriteProcessMemory request was completed. (0x12B)
[0901/140204:WARNING:pe_image_reader.cc(281)] could not read dos header from C:\windows\system32\IMM32.DLL
[0901/140204:ERROR:process_reader_win.cc(233)] ReadMemory at 0x7ff884de0000 of 64 bytes failed: Only part of a ReadProcessMemory or WriteProcessMemory request was completed. (0x12B)
[0901/140204:WARNING:pe_image_reader.cc(281)] could not read dos header from C:\windows\SYSTEM32\WINMM.dll
[0901/140204:ERROR:process_reader_win.cc(233)] ReadMemory at 0x7ff88bdf0000 of 64 bytes failed: Only part of a ReadProcessMemory or WriteProcessMemory request was completed. (0x12B)
[0901/140204:WARNING:pe_image_reader.cc(281)] could not read dos header from C:\windows\SYSTEM32\profapi.dll
[0901/140204:ERROR:process_reader_win.cc(233)] ReadMemory at 0x7ff88b3c0000 of 64 bytes failed: Only part of a ReadProcessMemory or WriteProcessMemory request was completed. (0x12B)
[0901/140204:WARNING:pe_image_reader.cc(281)] could not read dos header from C:\windows\SYSTEM32\USERENV.dll
[0901/140204:ERROR:process_reader_win.cc(233)] ReadMemory at 0x7ff889ab0000 of 64 bytes failed: Only part of a ReadProcessMemory or WriteProcessMemory request was completed. (0x12B)
[0901/140204:WARNING:pe_image_reader.cc(281)] could not read dos header from C:\windows\SYSTEM32\WTSAPI32.dll
[0901/140204:ERROR:process_reader_win.cc(233)] ReadMemory at 0x7ff88c410000 of 64 bytes failed: Only part of a ReadProcessMemory or WriteProcessMemory request was completed. (0x12B)
[0901/140204:WARNING:pe_image_reader.cc(281)] could not read dos header from C:\windows\SYSTEM32\combase.dll
[0901/140204:ERROR:process_reader_win.cc(233)] ReadMemory at 0x7ff883540000 of 64 bytes failed: Only part of a ReadProcessMemory or WriteProcessMemory request was completed. (0x12B)
[0901/140204:WARNING:pe_image_reader.cc(281)] could not read dos header from C:\windows\SYSTEM32\WINHTTP.dll
[0901/140204:ERROR:process_reader_win.cc(233)] ReadMemory at 0x7ff88ca60000 of 64 bytes failed: Only part of a ReadProcessMemory or WriteProcessMemory request was completed. (0x12B)
[0901/140204:WARNING:pe_image_reader.cc(281)] could not read dos header from C:\windows\system32\SHLWAPI.dll
[0901/140204:ERROR:process_reader_win.cc(233)] ReadMemory at 0x7ff88d3e0000 of 64 bytes failed: Only part of a ReadProcessMemory or WriteProcessMemory request was completed. (0x12B)
[0901/140204:WARNING:pe_image_reader.cc(281)] could not read dos header from C:\windows\system32\SHELL32.dll
[0901/140204:ERROR:process_reader_win.cc(233)] ReadMemory at 0x7ff889480000 of 64 bytes failed: Only part of a ReadProcessMemory or WriteProcessMemory request was completed. (0x12B)
[0901/140204:WARNING:pe_image_reader.cc(281)] could not read dos header from C:\windows\SYSTEM32\shcore.dll
[0901/140204:ERROR:process_reader_win.cc(233)] ReadMemory at 0x7ff88cac0000 of 64 bytes failed: Only part of a ReadProcessMemory or WriteProcessMemory request was completed. (0x12B)
[0901/140204:WARNING:pe_image_reader.cc(281)] could not read dos header from C:\windows\system32\PSAPI.DLL
[0901/140204:ERROR:process_reader_win.cc(233)] ReadMemory at 0x7ff884fd0000 of 64 bytes failed: Only part of a ReadProcessMemory or WriteProcessMemory request was completed. (0x12B)
[0901/140204:WARNING:pe_image_reader.cc(281)] could not read dos header from C:\windows\SYSTEM32\WINSPOOL.DRV
[0901/140204:ERROR:process_reader_win.cc(233)] ReadMemory at 0x7ff888f70000 of 64 bytes failed: Only part of a ReadProcessMemory or WriteProcessMemory request was completed. (0x12B)
[0901/140204:WARNING:pe_image_reader.cc(281)] could not read dos header from C:\windows\WinSxS\amd64_microsoft.windows.common-controls_6595b64144ccf1df_6.0.9600.18006_none_623f33d3ecbe86e8\COMCTL32.dll
[0901/140204:ERROR:process_reader_win.cc(233)] ReadMemory at 0x7ff88c350000 of 64 bytes failed: Only part of a ReadProcessMemory or WriteProcessMemory request was completed. (0x12B)
[0901/140204:WARNING:pe_image_reader.cc(281)] could not read dos header from C:\windows\system32\COMDLG32.dll
[0901/140204:ERROR:process_reader_win.cc(233)] ReadMemory at 0x7ff88ce00000 of 64 bytes failed: Only part of a ReadProcessMemory or WriteProcessMemory request was completed. (0x12B)
[0901/140204:WARNING:pe_image_reader.cc(281)] could not read dos header from C:\windows\system32\ole32.dll
[0901/140204:ERROR:process_reader_win.cc(233)] ReadMemory at 0x7ff88cfb0000 of 64 bytes failed: Only part of a ReadProcessMemory or WriteProcessMemory request was completed. (0x12B)
[0901/140204:WARNING:pe_image_reader.cc(281)] could not read dos header from C:\windows\system32\OLEAUT32.dll
[0901/140204:ERROR:process_reader_win.cc(233)] ReadMemory at 0x7ff88eb50000 of 64 bytes failed: Only part of a ReadProcessMemory or WriteProcessMemory request was completed. (0x12B)
[0901/140204:WARNING:pe_image_reader.cc(281)] could not read dos header from C:\windows\system32\NSI.dll
[0901/140204:ERROR:process_reader_win.cc(233)] ReadMemory at 0x7ff888480000 of 64 bytes failed: Only part of a ReadProcessMemory or WriteProcessMemory request was completed. (0x12B)
[0901/140204:WARNING:pe_image_reader.cc(281)] could not read dos header from C:\windows\SYSTEM32\WINNSI.DLL
[0901/140204:ERROR:process_reader_win.cc(233)] ReadMemory at 0x7ff8884f0000 of 64 bytes failed: Only part of a ReadProcessMemory or WriteProcessMemory request was completed. (0x12B)
[0901/140204:WARNING:pe_image_reader.cc(281)] could not read dos header from C:\windows\SYSTEM32\IPHLPAPI.DLL
[0901/140204:ERROR:process_reader_win.cc(233)] ReadMemory at 0x7ff88c800000 of 64 bytes failed: Only part of a ReadProcessMemory or WriteProcessMemory request was completed. (0x12B)
[0901/140204:WARNING:pe_image_reader.cc(281)] could not read dos header from C:\windows\system32\WS2_32.dll
[0901/140204:ERROR:process_reader_win.cc(233)] ReadMemory at 0x7ff880350000 of 64 bytes failed: Only part of a ReadProcessMemory or WriteProcessMemory request was completed. (0x12B)
[0901/140204:WARNING:pe_image_reader.cc(281)] could not read dos header from C:\windows\SYSTEM32\USP10.dll
[0901/140204:ERROR:process_reader_win.cc(233)] ReadMemory at 0x7ff88bea0000 of 64 bytes failed: Only part of a ReadProcessMemory or WriteProcessMemory request was completed. (0x12B)
[0901/140204:WARNING:pe_image_reader.cc(281)] could not read dos header from C:\windows\system32\MSASN1.dll
[0901/140204:ERROR:process_reader_win.cc(233)] ReadMemory at 0x7ff88c0c0000 of 64 bytes failed: Only part of a ReadProcessMemory or WriteProcessMemory request was completed. (0x12B)
[0901/140204:WARNING:pe_image_reader.cc(281)] could not read dos header from C:\windows\system32\CRYPT32.dll
[0901/140204:ERROR:process_reader_win.cc(233)] ReadMemory at 0x7ff88c2a0000 of 64 bytes failed: Only part of a ReadProcessMemory or WriteProcessMemory request was completed. (0x12B)
[0901/140204:WARNING:pe_image_reader.cc(281)] could not read dos header from C:\windows\system32\WINTRUST.dll
[0901/140204:ERROR:process_reader_win.cc(233)] ReadMemory at 0x7ff886f80000 of 64 bytes failed: Only part of a ReadProcessMemory or WriteProcessMemory request was completed. (0x12B)
[0901/140204:WARNING:pe_image_reader.cc(281)] could not read dos header from C:\windows\SYSTEM32\Secur32.dll
[0901/140204:ERROR:process_reader_win.cc(233)] ReadMemory at 0x7ff864180000 of 64 bytes failed: Only part of a ReadProcessMemory or WriteProcessMemory request was completed. (0x12B)
[0901/140204:WARNING:pe_image_reader.cc(281)] could not read dos header from C:\Program Files (x86)\Google\Chrome\Application\52.0.2743.116\chrome_child.dll
[0901/140204:ERROR:process_reader_win.cc(233)] ReadMemory at 0x7ff887200000 of 64 bytes failed: Only part of a ReadProcessMemory or WriteProcessMemory request was completed. (0x12B)
[0901/140204:WARNING:pe_image_reader.cc(281)] could not read dos header from C:\windows\SYSTEM32\dwrite.dll
[0901/140204:ERROR:process_reader_win.cc(233)] ReadMemory at 0x7ff666d99170 of 12 bytes failed: Only part of a ReadProcessMemory or WriteProcessMemory request was completed. (0x12B)
[0901/140204:WARNING:process_snapshot_win.cc(104)] ReadMemory ExceptionInformation failed
[0901/140204:WARNING:crash_report_exception_handler.cc(60)] ProcessSnapshotWin::InitializeException failed
[0901/140204:ERROR:scoped_process_suspend.cc(38)] NtResumeProcess, ntstatus=-1073741558
[0901/140204:ERROR:process_reader_win.cc(233)] ReadMemory at 0x6d81a9d000 of 77824 bytes failed: Only part of a ReadProcessMemory or WriteProcessMemory request was completed. (0x12B)
[0901/140204:ERROR:crash_report_exception_handler.cc(102)] WriteEverything failed
[0901/140204:ERROR:scoped_process_suspend.cc(38)] NtResumeProcess, ntstatus=-1073741558
